<html>
<body>
<pre>
<h1>µVision Build Log</h1>
<h2>Project:</h2>
C:\Users\student\Desktop\2109053_24_22\yes.uvproj
Project File Date:  03/29/2023

<h2>Output:</h2>
Build target 'Target 1'
compiling LAB6Q3.C...
linking...
Program Size: Code=1328 RO-data=256 RW-data=16 ZI-data=608  
FromELF: creating hex file...
".\yes.axf" - 0 Error(s), 0 Warning(s).
 0 Warning(s).
Target not created
rrors
linking...
Program Size: Code=1380 RO-data=236 RW-data=16 ZI-data=608  
FromELF: creating hex file...
".\yes.axf" - 0 Error(s), 1 Warning(s).
6q1.c(20): error:  #268: declaration may not appear after executable statement in block
   LED <<= 1; Shift the LED to the left by one unit
files\lab6q1.c(20): error:  #20: identifier "Shift" is undefined
   LED <<= 1; Shift the LED to the left by one unit
files\lab6q1.c(20): error:  #65: expected a ";"
   LED <<= 1; Shift the LED to the left by one unit
files\lab6q1.c(32): warning:  #1-D: last line of file ends without a newline
  }
files\lab6q1.c: 1 warning, 6 errors
".\yes.axf" - 6 Error(s), 1 Warning(s).
Target not created
4): error:  #20: identifier "Initial" is undefined
  LED = 0x00000010; Initial value on LED 
files\lab6q1.c(14): error:  #65: expected a ";"
  LED = 0x00000010; Initial value on LED 
files\lab6q1.c(22): warning:  #12-D: parsing restarts here after previous syntax error
  LED = 0x00000010;
files\lab6q1.c(32): warning:  #1-D: last line of file ends without a newline
  }
files\lab6q1.c: 2 warnings, 3 errors
"files\lab6q1.c" - 3 Error(s), 2 Warning(s).
